Arguments: 
  C:\Program Files\nodejs\node.exe C:\Users\Amy Pannell\AppData\Roaming\npm\node_modules\yarn\bin\yarn.js start

PATH: 
  C:\ProgramData\Oracle\Java\javapath;C:\Program Files\Java\jdk1.8.0_101\bin;C:\Program Files (x86)\Intel\iCLS Client\;C:\Program Files\Intel\iCLS Client\;C:\WINDOWS\system32;C:\WINDOWS;C:\WINDOWS\System32\Wbem;C:\WINDOWS\System32\WindowsPowerShell\v1.0\;c:\Program Files\Intel\IntelSGXPSW\bin\x64\Release\;c:\Program Files\Intel\IntelSGXPSW\bin\win32\Release\;C:\Program Files (x86)\Intel\Intel(R) Management Engine Components\DAL;C:\Program Files\Intel\Intel(R) Management Engine Components\DAL;C:\Program Files (x86)\Intel\Intel(R) Management Engine Components\IPT;C:\Program Files\Intel\Intel(R) Management Engine Components\IPT;C:\Program Files\Intel\WiFi\bin\;C:\Program Files\Common Files\Intel\WirelessCommon\;C:\Program Files\Git\cmd;C:\Program Files\nodejs\;C:\Program Files\MongoDB\Server\3.6\bin;C:\Program Files\Java\jdk1.8.0_101\bin;C:\Users\Amy Pannell\AppData\Local\Microsoft\WindowsApps;C:\Users\Amy Pannell\AppData\Local\atom\bin;C:\Users\Amy Pannell\AppData\Local\Microsoft\WindowsApps;C:\Program Files\Heroku\bin;C:\Users\Amy Pannell\AppData\Roaming\npm;C:\Program Files\Microsoft VS Code\bin;C:\Program Files\Java\jdk1.8.0_161\bin;C:\Users\Amy Pannell\AppData\Local\Box\Box Edit\

Yarn version: 
  1.5.1

Node version: 
  6.11.4

Platform: 
  win32 x64

npm manifest: 
  No manifest

yarn manifest: 
  No manifest

Lockfile: 
  No lockfile

Trace: 
  Error: Couldn't find a package.json file in "C:\\Users\\Amy Pannell\\Desktop\\Jairo Folder\\Resumes\\portfolio"
      at MessageError.Error (native)
      at new MessageError (C:\Users\Amy Pannell\AppData\Roaming\npm\node_modules\yarn\lib\cli.js:186:110)
      at C:\Users\Amy Pannell\AppData\Roaming\npm\node_modules\yarn\lib\cli.js:40048:15
      at next (native)
      at step (C:\Users\Amy Pannell\AppData\Roaming\npm\node_modules\yarn\lib\cli.js:98:30)
      at C:\Users\Amy Pannell\AppData\Roaming\npm\node_modules\yarn\lib\cli.js:109:13
